{
  "RSpec": {
    "coverage": {
      "/home/eduardo/Projetos/estoque_manager/config/environment.rb": [
        null,
        1,
        null,
        null,
        1
      ],
      "/home/eduardo/Projetos/estoque_manager/config/application.rb": [
        1,
        null,
        1,
        null,
        null,
        null,
        1,
        null,
        1,
        1,
        null,
        1,
        null,
        null,
        null,
        null,
        null,
        null,
        null
      ],
      "/home/eduardo/Projetos/estoque_manager/config/boot.rb": [
        1,
        null,
        1,
        1
      ],
      "/home/eduardo/Projetos/estoque_manager/config/environments/test.rb": [
        1,
        null,
        null,
        null,
        null,
        null,
        null,
        1,
        null,
        null,
        null,
        null,
        1,
        null,
        null,
        1,
        1,
        null,
        null,
        null,
        null,
        1,
        1,
        null,
        null,
        1,
        null,
        null,
        1,
        null,
        null,
        1,
        null,
        1,
        null,
        null,
        null,
        null,
        1,
        null,
        null,
        1,
        null,
        null,
        null,
        null
      ],
      "/home/eduardo/Projetos/estoque_manager/config/initializers/application_controller_renderer.rb": [
        null,
        null,
        null,
        null,
        null,
        null,
        null,
        null
      ],
      "/home/eduardo/Projetos/estoque_manager/config/initializers/assets.rb": [
        null,
        null,
        null,
        1,
        null,
        null,
        null,
        null,
        1,
        null,
        null,
        null,
        null,
        null
      ],
      "/home/eduardo/Projetos/estoque_manager/config/initializers/backtrace_silencers.rb": [
        null,
        null,
        null,
        null,
        null,
        null,
        null
      ],
      "/home/eduardo/Projetos/estoque_manager/config/initializers/content_security_policy.rb": [
        null,
        null,
        null,
        null,
        null,
        null,
        null,
        null,
        null,
        null,
        null,
        null,
        null,
        null,
        null,
        null,
        null,
        null,
        null,
        null,
        null,
        null,
        null,
        null,
        null
      ],
      "/home/eduardo/Projetos/estoque_manager/config/initializers/cookies_serializer.rb": [
        null,
        null,
        null,
        null,
        1
      ],
      "/home/eduardo/Projetos/estoque_manager/config/initializers/filter_parameter_logging.rb": [
        null,
        null,
        null,
        1
      ],
      "/home/eduardo/Projetos/estoque_manager/config/initializers/inflections.rb": [
        null,
        null,
        null,
        null,
        null,
        null,
        null,
        null,
        null,
        null,
        null,
        null,
        null,
        null,
        null,
        null
      ],
      "/home/eduardo/Projetos/estoque_manager/config/initializers/mime_types.rb": [
        null,
        null,
        null,
        null
      ],
      "/home/eduardo/Projetos/estoque_manager/config/initializers/wrap_parameters.rb": [
        null,
        null,
        null,
        null,
        null,
        null,
        1,
        2,
        null,
        null,
        null,
        null,
        null,
        null
      ],
      "/home/eduardo/Projetos/estoque_manager/config/routes.rb": [
        1,
        1,
        1,
        1,
        1,
        1,
        1,
        1,
        1,
        1,
        1,
        null,
        null
      ],
      "/home/eduardo/Projetos/estoque_manager/app/helpers/application_helper.rb": [
        1,
        null
      ],
      "/home/eduardo/Projetos/estoque_manager/app/helpers/cidades_helper.rb": [
        1,
        null
      ],
      "/home/eduardo/Projetos/estoque_manager/app/helpers/enderecos_helper.rb": [
        1,
        null
      ],
      "/home/eduardo/Projetos/estoque_manager/app/helpers/estados_helper.rb": [
        1,
        null
      ],
      "/home/eduardo/Projetos/estoque_manager/app/helpers/grupo_produtos_helper.rb": [
        1,
        null
      ],
      "/home/eduardo/Projetos/estoque_manager/app/helpers/movimentacao_estoques_helper.rb": [
        1,
        null
      ],
      "/home/eduardo/Projetos/estoque_manager/app/helpers/operacaos_helper.rb": [
        1,
        null
      ],
      "/home/eduardo/Projetos/estoque_manager/app/helpers/operacos_helper.rb": [
        1,
        null
      ],
      "/home/eduardo/Projetos/estoque_manager/app/helpers/pessoas_helper.rb": [
        1,
        null
      ],
      "/home/eduardo/Projetos/estoque_manager/app/helpers/produtos_helper.rb": [
        1,
        null
      ],
      "/home/eduardo/Projetos/estoque_manager/app/helpers/unidades_helper.rb": [
        1,
        null
      ],
      "/home/eduardo/Projetos/estoque_manager/app/models/cidade.rb": [
        1,
        1,
        null,
        1,
        null
      ],
      "/home/eduardo/Projetos/estoque_manager/app/models/application_record.rb": [
        1,
        1,
        null
      ],
      "/home/eduardo/Projetos/estoque_manager/spec/models/endereco_spec.rb": [
        1,
        null,
        1,
        1,
        2,
        2,
        2,
        null,
        null
      ],
      "/home/eduardo/Projetos/estoque_manager/app/models/endereco.rb": [
        1,
        1,
        null,
        1,
        null
      ],
      "/home/eduardo/Projetos/estoque_manager/spec/models/estado_spec.rb": [
        1,
        null,
        1,
        1,
        2,
        2,
        null,
        null
      ],
      "/home/eduardo/Projetos/estoque_manager/app/models/estado.rb": [
        1,
        1,
        null
      ],
      "/home/eduardo/Projetos/estoque_manager/spec/models/grupo_produto_spec.rb": [
        1,
        null,
        1,
        1,
        2,
        2,
        2,
        null,
        null
      ],
      "/home/eduardo/Projetos/estoque_manager/app/models/grupo_produto.rb": [
        1,
        1,
        null
      ],
      "/home/eduardo/Projetos/estoque_manager/spec/models/movimentacao_estoque_spec.rb": [
        1,
        null,
        1,
        1,
        2,
        2,
        2,
        2,
        2,
        null,
        null,
        null,
        1,
        3,
        3,
        null,
        3,
        null,
        3,
        null,
        3,
        null,
        null,
        null,
        3,
        null,
        null,
        null,
        null,
        null,
        1,
        1,
        1,
        null,
        null,
        1,
        1,
        1,
        null,
        null,
        null,
        null
      ],
      "/home/eduardo/Projetos/estoque_manager/app/models/movimentacao_estoque.rb": [
        1,
        1,
        1,
        1,
        null,
        1,
        1,
        null
      ],
      "/home/eduardo/Projetos/estoque_manager/spec/models/operacao_spec.rb": [
        1,
        null,
        1,
        1,
        2,
        2,
        null,
        null
      ],
      "/home/eduardo/Projetos/estoque_manager/app/models/operacao.rb": [
        1,
        1,
        null,
        1,
        null
      ],
      "/home/eduardo/Projetos/estoque_manager/spec/models/pessoa_spec.rb": [
        1,
        null,
        1,
        1,
        2,
        2,
        2,
        2,
        null,
        null
      ],
      "/home/eduardo/Projetos/estoque_manager/app/models/pessoa.rb": [
        1,
        1,
        null,
        1,
        1,
        null
      ],
      "/home/eduardo/Projetos/estoque_manager/spec/models/produto_spec.rb": [
        1,
        null,
        1,
        1,
        2,
        2,
        2,
        2,
        null,
        null
      ],
      "/home/eduardo/Projetos/estoque_manager/app/models/produto.rb": [
        1,
        1,
        1,
        null,
        1,
        null
      ],
      "/home/eduardo/Projetos/estoque_manager/spec/models/unidade_spec.rb": [
        1,
        null,
        1,
        1,
        2,
        2,
        2,
        null,
        null
      ],
      "/home/eduardo/Projetos/estoque_manager/app/models/unidade.rb": [
        1,
        1,
        1,
        null
      ]
    },
    "timestamp": 1573620520
  }
}
